<?xml version="1.0" encoding="UTF-8"?>
<!-- Generated by org.testng.reporters.JUnitReportReporter -->
<testsuite hostname="DESKTOP-E69K95O" name="com.saucedemo.Test.validateEndToEndProductbuy" tests="1" failures="0" timestamp="17 Oct 2021 17:16:57 GMT" time="8.978" errors="0">
  <testcase name="endToEnd" time="8.978" classname="com.saucedemo.Test.validateEndToEndProductbuy"/>
</testsuite> <!-- com.saucedemo.Test.validateEndToEndProductbuy -->
