<?xml version="1.0" encoding="UTF-8"?>
<!-- Generated by org.testng.reporters.JUnitReportReporter -->
<testsuite hostname="DESKTOP-E69K95O" name="com.saucedemo.Test.validateElementsLoginPage" tests="2" failures="0" timestamp="17 Oct 2021 15:14:57 GMT" time="0.202" errors="0">
  <testcase name="validateLoginElementsDisplay" time="0.111" classname="com.saucedemo.Test.validateElementsLoginPage"/>
  <testcase name="validateLoginElementsEnabled" time="0.091" classname="com.saucedemo.Test.validateElementsLoginPage"/>
</testsuite> <!-- com.saucedemo.Test.validateElementsLoginPage -->
