<?xml version="1.0" encoding="UTF-8"?>
<!-- Generated by org.testng.reporters.JUnitReportReporter -->
<testsuite hostname="DESKTOP-E69K95O" name="com.saucedemo.Test.validateElementsLoginPage" tests="2" failures="0" timestamp="16 Oct 2021 17:16:43 GMT" time="0.208" errors="0">
  <testcase name="validateLoginElementsEnabled" time="0.086" classname="com.saucedemo.Test.validateElementsLoginPage"/>
  <testcase name="validateLoginElementsDisplay" time="0.122" classname="com.saucedemo.Test.validateElementsLoginPage"/>
</testsuite> <!-- com.saucedemo.Test.validateElementsLoginPage -->
