<?xml version="1.0" encoding="UTF-8"?>
<!-- Generated by org.testng.reporters.JUnitReportReporter -->
<testsuite hostname="DESKTOP-E69K95O" name="com.saucedemo.Test.validateLoginTestData" tests="4" failures="0" timestamp="17 Oct 2021 17:22:40 GMT" time="16.274" errors="0">
  <testcase name="validateLoginData" time="3.062" classname="com.saucedemo.Test.validateLoginTestData"/>
  <testcase name="validateLoginData" time="2.596" classname="com.saucedemo.Test.validateLoginTestData"/>
  <testcase name="validateLoginData" time="7.906" classname="com.saucedemo.Test.validateLoginTestData"/>
  <testcase name="validateLoginData" time="2.710" classname="com.saucedemo.Test.validateLoginTestData"/>
</testsuite> <!-- com.saucedemo.Test.validateLoginTestData -->
