<?xml version="1.0" encoding="UTF-8"?>
<!-- Generated by org.testng.reporters.JUnitReportReporter -->
<testsuite hostname="DESKTOP-E69K95O" name="learningNG.NGBasicOne" tests="2" failures="0" timestamp="16 Oct 2021 15:09:27 GMT" time="0.006" errors="0">
  <testcase name="bmainTest" time="0.003" classname="learningNG.NGBasicOne"/>
  <testcase name="amainTest" time="0.003" classname="learningNG.NGBasicOne"/>
</testsuite> <!-- learningNG.NGBasicOne -->
