<?xml version="1.0" encoding="UTF-8"?>
<!-- Generated by org.testng.reporters.JUnitReportReporter -->
<testsuite hostname="DESKTOP-E69K95O" name="yahooTest.yahooLoginDataTest" tests="4" failures="0" timestamp="17 Oct 2021 16:25:07 GMT" time="17.602" errors="0">
  <testcase name="validateLoginData" time="4.415" classname="yahooTest.yahooLoginDataTest"/>
  <testcase name="validateLoginData" time="4.387" classname="yahooTest.yahooLoginDataTest"/>
  <testcase name="validateLoginData" time="4.392" classname="yahooTest.yahooLoginDataTest"/>
  <testcase name="validateLoginData" time="4.408" classname="yahooTest.yahooLoginDataTest"/>
</testsuite> <!-- yahooTest.yahooLoginDataTest -->
