<?xml version="1.0" encoding="UTF-8"?>
<!-- Generated by org.testng.reporters.JUnitReportReporter -->
<testsuite hostname="DESKTOP-E69K95O" name="learningNG.NGBasic" tests="1" failures="0" timestamp="16 Oct 2021 14:52:41 GMT" time="0.004" errors="0">
  <testcase name="mainTest" time="0.004" classname="learningNG.NGBasic"/>
</testsuite> <!-- learningNG.NGBasic -->
