<?xml version="1.0" encoding="UTF-8"?>
<!-- Generated by org.testng.reporters.JUnitReportReporter -->
<testsuite hostname="DESKTOP-E69K95O" name="com.test.validateElementLoginTwo" tests="1" failures="0" timestamp="23 Oct 2021 18:27:17 GMT" time="8.927" errors="0">
  <testcase name="endToEnd" time="8.927" classname="com.test.validateElementLoginTwo"/>
</testsuite> <!-- com.test.validateElementLoginTwo -->
