<?xml version="1.0" encoding="UTF-8"?>
<!-- Generated by org.testng.reporters.JUnitReportReporter -->
<testsuite hostname="DESKTOP-E69K95O" name="com.test.validateEndToEndProductbuy" tests="1" failures="0" timestamp="24 Oct 2021 15:54:10 GMT" time="8.982" errors="0">
  <testcase name="endToEnd" time="8.982" classname="com.test.validateEndToEndProductbuy"/>
</testsuite> <!-- com.test.validateEndToEndProductbuy -->
