<?xml version="1.0" encoding="UTF-8"?>
<!-- Generated by org.testng.reporters.JUnitReportReporter -->
<testsuite hostname="DESKTOP-E69K95O" name="com.test.validateElementsLoginPage" tests="2" failures="0" timestamp="24 Oct 2021 16:04:59 GMT" time="0.222" errors="0">
  <testcase name="validateLoginElementsEnabled" time="0.103" classname="com.test.validateElementsLoginPage"/>
  <testcase name="validateLoginElementsDisplay" time="0.119" classname="com.test.validateElementsLoginPage"/>
</testsuite> <!-- com.test.validateElementsLoginPage -->
